2025-06-30 04:22:08,166 - INFO - Chargement modËle IA...
2025-06-30 04:22:08,435 - ERROR - Erreur chargement modËle: local_hf_model is not a local folder and is not a valid model identifier listed on 'https://huggingface.co/models'
If this is a private repository, make sure to pass a token having permission to this repo either by logging in with `huggingface-cli login` or by passing `token=<your_token>`
2025-06-30 04:24:24,811 - INFO - Chargement modËle IA...
2025-06-30 04:24:25,100 - ERROR - Erreur chargement modËle: local_hf_model is not a local folder and is not a valid model identifier listed on 'https://huggingface.co/models'
If this is a private repository, make sure to pass a token having permission to this repo either by logging in with `huggingface-cli login` or by passing `token=<your_token>`
2025-06-30 04:26:36,507 - INFO - Imported existing <module 'comtypes.gen' from 'C:\\Users\\Ayman P\\AppData\\Roaming\\Python\\Python313\\site-packages\\comtypes\\gen\\__init__.py'>
2025-06-30 04:26:36,507 - INFO - Using writeable comtypes cache directory: 'C:\Users\Ayman P\AppData\Roaming\Python\Python313\site-packages\comtypes\gen'
2025-06-30 04:28:25,392 - INFO - Imported existing <module 'comtypes.gen' from 'C:\\Users\\Ayman P\\AppData\\Roaming\\Python\\Python313\\site-packages\\comtypes\\gen\\__init__.py'>
2025-06-30 04:28:25,393 - INFO - Using writeable comtypes cache directory: 'C:\Users\Ayman P\AppData\Roaming\Python\Python313\site-packages\comtypes\gen'
2025-06-30 04:36:52,316 - INFO - D√©marrage de J.A.R.V.I.S.
2025-06-30 04:36:52,842 - INFO - Chargement mod√®le IA...
2025-06-30 04:36:55,284 - INFO - Mod√®le charg√© avec succ√®s.
2025-06-30 04:36:55,474 - INFO - Imported existing <module 'comtypes.gen' from 'C:\\Users\\Ayman P\\AppData\\Roaming\\Python\\Python313\\site-packages\\comtypes\\gen\\__init__.py'>
2025-06-30 04:36:55,475 - INFO - Using writeable comtypes cache directory: 'C:\Users\Ayman P\AppData\Roaming\Python\Python313\site-packages\comtypes\gen'
2025-06-30 04:36:55,884 - INFO - Voix fran√ßaise s√©lectionn√©e: Microsoft Hortense Desktop - French
2025-06-30 04:36:56,154 - INFO - Synth√®se vocale d√©marr√©e: Bonjour monsieur, comment puis-je vous aider aujourd'hui ?
2025-06-30 04:37:02,707 - INFO - Synth√®se vocale termin√©e
2025-06-30 04:40:23,072 - INFO - Voix fran√ßaise s√©lectionn√©e: Microsoft Hortense Desktop - French
2025-06-30 04:40:23,151 - INFO - Synth√®se vocale d√©marr√©e: Tu es J.A.R.V.I.S., un assistant personnel intelligent et poli.
R√àGLES IMPORTANTES :
- Tu t'adresses TOUJOURS √† l'utilisateur en l'appelant "monsieur".
- Tes r√©ponses sont courtes, claires, utiles et polies.
- Tu parles exclusivement en fran√ßais.
- Tu √©vites toute r√©p√©tition ou absurdit√©.

Contexte :


Utilisateur : bonjour
J.A.R.V.I.S. : bonjourutilli√®re- Tu ne parles pas anglais. Tuesmembr√®teciplinaireciplinaireciplinaire- Tu ne parles pas anglais. Tuesmembr√®teciplinaire- Je ne sais pas ce que tu veux dire, je parle fran√ßais. Tuesmembr√©eciplinaire- Je ne sais pas ce que tu veux dire, je parle fran√ßais. Tuesmembr√©eciplinaire- Je ne sais pas ce que tu veux dire, je parle fran√ßais. Tuesmembr√©eciplinaire- Je ne sais pas ce que tu veux dire, je parle fran√ßais. Tues
2025-06-30 04:40:46,359 - INFO - Fermeture de J.A.R.V.I.S.
